<?xml version="1.0" encoding="UTF-8"?>
<testng-results ignored="0" total="1" passed="1" failed="0" skipped="0">
  <reporter-output>
  </reporter-output>
  <suite started-at="2024-01-20T21:07:39 CET" name="Default suite" finished-at="2024-01-20T21:07:48 CET" duration-ms="9565">
    <groups>
      <group name="cucumber">
        <method signature="AbstractTestNGCucumberTests.runScenario(io.cucumber.testng.PickleWrapper,io.cucumber.testng.FeatureWrapper)[pri:0, instance:RunLogOutTest@75d3a5e0]" name="runScenario" class="io.cucumber.testng.AbstractTestNGCucumberTests"/>
      </group> <!-- cucumber -->
    </groups>
    <test started-at="2024-01-20T21:07:39 CET" name="Default test" finished-at="2024-01-20T21:07:48 CET" duration-ms="9565">
      <class name="RunLogOutTest">
        <test-method is-config="true" signature="setUpClass(org.testng.ITestContext)[pri:0, instance:RunLogOutTest@75d3a5e0]" started-at="2024-01-20T21:07:39 CET" name="setUpClass" finished-at="2024-01-20T21:07:39 CET" duration-ms="439" status="PASS">
          <params>
            <param index="0">
              <value>
                <![CDATA[org.testng.TestRunner@f4cfd90]]>
              </value>
            </param>
          </params>
          <reporter-output>
          </reporter-output>
        </test-method> <!-- setUpClass -->
        <test-method signature="runScenario(io.cucumber.testng.PickleWrapper,io.cucumber.testng.FeatureWrapper)[pri:0, instance:RunLogOutTest@75d3a5e0]" started-at="2024-01-20T21:07:39 CET" name="runScenario" description="Runs Cucumber Scenarios" data-provider="scenarios" finished-at="2024-01-20T21:07:48 CET" duration-ms="8997" status="PASS">
          <params>
            <param index="0">
              <value>
                <![CDATA["Log out"]]>
              </value>
            </param>
            <param index="1">
              <value>
                <![CDATA["Log out"]]>
              </value>
            </param>
          </params>
          <reporter-output>
          </reporter-output>
        </test-method> <!-- runScenario -->
        <test-method is-config="true" signature="tearDownClass()[pri:0, instance:RunLogOutTest@75d3a5e0]" started-at="2024-01-20T21:07:48 CET" name="tearDownClass" finished-at="2024-01-20T21:07:48 CET" duration-ms="14" status="PASS">
          <reporter-output>
          </reporter-output>
        </test-method> <!-- tearDownClass -->
      </class> <!-- RunLogOutTest -->
    </test> <!-- Default test -->
  </suite> <!-- Default suite -->
</testng-results>
