<?xml version="1.0" encoding="UTF-8"?>
<testng-results ignored="0" total="1" passed="1" failed="0" skipped="0">
  <reporter-output>
  </reporter-output>
  <suite started-at="2023-12-12T18:30:04 CET" name="Default suite" finished-at="2023-12-12T18:31:30 CET" duration-ms="85435">
    <groups>
      <group name="cucumber">
        <method signature="AbstractTestNGCucumberTests.runScenario(io.cucumber.testng.PickleWrapper,io.cucumber.testng.FeatureWrapper)[pri:0, instance:RunAboutUsTest@75d3a5e0]" name="runScenario" class="io.cucumber.testng.AbstractTestNGCucumberTests"/>
      </group> <!-- cucumber -->
    </groups>
    <test started-at="2023-12-12T18:30:04 CET" name="Default test" finished-at="2023-12-12T18:31:30 CET" duration-ms="85435">
      <class name="RunAboutUsTest">
        <test-method is-config="true" signature="setUpClass(org.testng.ITestContext)[pri:0, instance:RunAboutUsTest@75d3a5e0]" started-at="2023-12-12T18:30:04 CET" name="setUpClass" finished-at="2023-12-12T18:30:05 CET" duration-ms="737" status="PASS">
          <params>
            <param index="0">
              <value>
                <![CDATA[org.testng.TestRunner@3daa82be]]>
              </value>
            </param>
          </params>
          <reporter-output>
          </reporter-output>
        </test-method> <!-- setUpClass -->
        <test-method signature="runScenario(io.cucumber.testng.PickleWrapper,io.cucumber.testng.FeatureWrapper)[pri:0, instance:RunAboutUsTest@75d3a5e0]" started-at="2023-12-12T18:30:05 CET" name="runScenario" description="Runs Cucumber Scenarios" data-provider="scenarios" finished-at="2023-12-12T18:31:26 CET" duration-ms="81229" status="PASS">
          <params>
            <param index="0">
              <value>
                <![CDATA["Watch Video"]]>
              </value>
            </param>
            <param index="1">
              <value>
                <![CDATA["About Us"]]>
              </value>
            </param>
          </params>
          <reporter-output>
          </reporter-output>
        </test-method> <!-- runScenario -->
        <test-method is-config="true" signature="tearDownClass()[pri:0, instance:RunAboutUsTest@75d3a5e0]" started-at="2023-12-12T18:31:29 CET" name="tearDownClass" finished-at="2023-12-12T18:31:30 CET" duration-ms="243" status="PASS">
          <reporter-output>
          </reporter-output>
        </test-method> <!-- tearDownClass -->
      </class> <!-- RunAboutUsTest -->
    </test> <!-- Default test -->
  </suite> <!-- Default suite -->
</testng-results>
